<?xml version="1.0" encoding="UTF-8"?>
<!-- Generated by org.testng.reporters.JUnitReportReporter -->
<testsuite hostname="Mohammad" failures="0" tests="7" name="com.tutorialsNinjaQA.testcases.LoginTest" time="42.209" errors="0" timestamp="2023-12-17T13:44:07 EST" skipped="0">
  <testcase classname="com.tutorialsNinjaQA.testcases.LoginTest" name="verifyLoginWithValidCredentials" time="6.041"/>
  <system-out/>
  <testcase classname="com.tutorialsNinjaQA.testcases.LoginTest" name="verifyLoginWithValidCredentials" time="6.465"/>
  <system-out/>
  <testcase classname="com.tutorialsNinjaQA.testcases.LoginTest" name="verifyLoginWithValidCredentials" time="6.082"/>
  <system-out/>
  <testcase classname="com.tutorialsNinjaQA.testcases.LoginTest" name="verifyLoginWithInvalidCredentials" time="7.240"/>
  <system-out/>
  <testcase classname="com.tutorialsNinjaQA.testcases.LoginTest" name="verifyingWithInvalidEmailAndValidPassword" time="5.685"/>
  <system-out/>
  <testcase classname="com.tutorialsNinjaQA.testcases.LoginTest" name="verifyingLoginWithValidEmailAndInvalidPassword" time="5.544"/>
  <system-out/>
  <testcase classname="com.tutorialsNinjaQA.testcases.LoginTest" name="verifyingLoginWithoutProvidingCredentials" time="5.152"/>
  <system-out/>
</testsuite> <!-- com.tutorialsNinjaQA.testcases.LoginTest -->
