<?xml version="1.0" encoding="UTF-8"?>
<!-- Generated by org.testng.reporters.JUnitReportReporter -->
<testsuite hostname="Mohammad" failures="0" tests="3" name="com.tutorialsNinjaQA.testcases.SearchTest" time="14.936" errors="0" timestamp="2023-12-17T13:44:07 EST" skipped="0">
  <testcase classname="com.tutorialsNinjaQA.testcases.SearchTest" name="verifyingSearchWithValidProduct" time="5.317"/>
  <system-out/>
  <testcase classname="com.tutorialsNinjaQA.testcases.SearchTest" name="verifyingSearchWithInvalidProduct" time="5.018"/>
  <system-out/>
  <testcase classname="com.tutorialsNinjaQA.testcases.SearchTest" name="verifyingSearchWithoutAnyProduct" time="4.601"/>
  <system-out/>
</testsuite> <!-- com.tutorialsNinjaQA.testcases.SearchTest -->
